# ./libvpx/configure --target=armv7-android-gcc --disable-examples --sdk-path=/Users/vahagnnikoghosyan/Downloads/android-ndk-r9d
Configuring selected codecs
  enabling vp8_encoder
  enabling vp8_decoder
  enabling vp9_encoder
  enabling vp9_decoder
Configuring for target 'armv7-android-gcc'
  enabling armv7
  enabling neon
  enabling media
  enabling edsp
  enabling fast_unaligned
add_asflags --defsym ARCHITECTURE=7
check_cpp
BEGIN /var/folders/_w/488cnpf55ls5rn_qdnjwdtsc0000gn/T//vpx-conf-65791-983.c
    1	#ifndef __ARM_PCS_VFP
    2	#error "not hardfp"
    3	#endif
END /var/folders/_w/488cnpf55ls5rn_qdnjwdtsc0000gn/T//vpx-conf-65791-983.c
arm-none-linux-gnueabi-gcc -E -o /var/folders/_w/488cnpf55ls5rn_qdnjwdtsc0000gn/T//vpx-conf-65791-983.o /var/folders/_w/488cnpf55ls5rn_qdnjwdtsc0000gn/T//vpx-conf-65791-983.c
./libvpx/build/make/configure.sh: line 285: arm-none-linux-gnueabi-gcc: command not found
check_cxxflags -march=armv7-a -mfloat-abi=softfp
check_cxx -Werror -march=armv7-a -mfloat-abi=softfp
BEGIN /var/folders/_w/488cnpf55ls5rn_qdnjwdtsc0000gn/T//vpx-conf-65791-983.cc
    1	int x;
END /var/folders/_w/488cnpf55ls5rn_qdnjwdtsc0000gn/T//vpx-conf-65791-983.cc
arm-none-linux-gnueabi-g++ -Werror -march=armv7-a -mfloat-abi=softfp -c -o /var/folders/_w/488cnpf55ls5rn_qdnjwdtsc0000gn/T//vpx-conf-65791-983.o /var/folders/_w/488cnpf55ls5rn_qdnjwdtsc0000gn/T//vpx-conf-65791-983.cc
./libvpx/build/make/configure.sh: line 285: arm-none-linux-gnueabi-g++: command not found
check_cflags -march=armv7-a -mfloat-abi=softfp
check_cc -march=armv7-a -mfloat-abi=softfp
BEGIN /var/folders/_w/488cnpf55ls5rn_qdnjwdtsc0000gn/T//vpx-conf-65791-983.c
    1	int x;
END /var/folders/_w/488cnpf55ls5rn_qdnjwdtsc0000gn/T//vpx-conf-65791-983.c
arm-none-linux-gnueabi-gcc -march=armv7-a -mfloat-abi=softfp -c -o /var/folders/_w/488cnpf55ls5rn_qdnjwdtsc0000gn/T//vpx-conf-65791-983.o /var/folders/_w/488cnpf55ls5rn_qdnjwdtsc0000gn/T//vpx-conf-65791-983.c
./libvpx/build/make/configure.sh: line 285: arm-none-linux-gnueabi-gcc: command not found
add_asflags -march=armv7-a -mfloat-abi=softfp
check_cxxflags -mfpu=neon
check_cxx -Werror -mfpu=neon
BEGIN /var/folders/_w/488cnpf55ls5rn_qdnjwdtsc0000gn/T//vpx-conf-65791-983.cc
    1	int x;
END /var/folders/_w/488cnpf55ls5rn_qdnjwdtsc0000gn/T//vpx-conf-65791-983.cc
arm-none-linux-gnueabi-g++ -Werror -mfpu=neon -c -o /var/folders/_w/488cnpf55ls5rn_qdnjwdtsc0000gn/T//vpx-conf-65791-983.o /var/folders/_w/488cnpf55ls5rn_qdnjwdtsc0000gn/T//vpx-conf-65791-983.cc
./libvpx/build/make/configure.sh: line 285: arm-none-linux-gnueabi-g++: command not found
check_cflags -mfpu=neon
check_cc -mfpu=neon
BEGIN /var/folders/_w/488cnpf55ls5rn_qdnjwdtsc0000gn/T//vpx-conf-65791-983.c
    1	int x;
END /var/folders/_w/488cnpf55ls5rn_qdnjwdtsc0000gn/T//vpx-conf-65791-983.c
arm-none-linux-gnueabi-gcc -mfpu=neon -c -o /var/folders/_w/488cnpf55ls5rn_qdnjwdtsc0000gn/T//vpx-conf-65791-983.o /var/folders/_w/488cnpf55ls5rn_qdnjwdtsc0000gn/T//vpx-conf-65791-983.c
./libvpx/build/make/configure.sh: line 285: arm-none-linux-gnueabi-gcc: command not found
add_asflags -mfpu=neon
  enabling realtime_only
  enabling runtime_cpu_detect
check_cxxflags -mtune=cortex-a8
check_cxx -Werror -mtune=cortex-a8
BEGIN /var/folders/_w/488cnpf55ls5rn_qdnjwdtsc0000gn/T//vpx-conf-65791-983.cc
    1	int x;
END /var/folders/_w/488cnpf55ls5rn_qdnjwdtsc0000gn/T//vpx-conf-65791-983.cc
/Users/vahagnnikoghosyan/Downloads/android-ndk-r9d/toolchains/arm-linux-androideabi-4.6/prebuilt/darwin-x86_64/bin/arm-linux-androideabi-g++ --sysroot=/Users/vahagnnikoghosyan/Downloads/android-ndk-r9d/platforms/android-19/arch-arm -I/Users/vahagnnikoghosyan/Downloads/android-ndk-r9d/sources/android/cpufeatures -Werror -mtune=cortex-a8 -c -o /var/folders/_w/488cnpf55ls5rn_qdnjwdtsc0000gn/T//vpx-conf-65791-983.o /var/folders/_w/488cnpf55ls5rn_qdnjwdtsc0000gn/T//vpx-conf-65791-983.cc
check_cflags -mtune=cortex-a8
check_cc -mtune=cortex-a8
BEGIN /var/folders/_w/488cnpf55ls5rn_qdnjwdtsc0000gn/T//vpx-conf-65791-983.c
    1	int x;
END /var/folders/_w/488cnpf55ls5rn_qdnjwdtsc0000gn/T//vpx-conf-65791-983.c
/Users/vahagnnikoghosyan/Downloads/android-ndk-r9d/toolchains/arm-linux-androideabi-4.6/prebuilt/darwin-x86_64/bin/arm-linux-androideabi-gcc --sysroot=/Users/vahagnnikoghosyan/Downloads/android-ndk-r9d/platforms/android-19/arch-arm -I/Users/vahagnnikoghosyan/Downloads/android-ndk-r9d/sources/android/cpufeatures -mtune=cortex-a8 -c -o /var/folders/_w/488cnpf55ls5rn_qdnjwdtsc0000gn/T//vpx-conf-65791-983.o /var/folders/_w/488cnpf55ls5rn_qdnjwdtsc0000gn/T//vpx-conf-65791-983.c
check_cxxflags -O3
check_cxx -Werror -O3
BEGIN /var/folders/_w/488cnpf55ls5rn_qdnjwdtsc0000gn/T//vpx-conf-65791-983.cc
    1	int x;
END /var/folders/_w/488cnpf55ls5rn_qdnjwdtsc0000gn/T//vpx-conf-65791-983.cc
/Users/vahagnnikoghosyan/Downloads/android-ndk-r9d/toolchains/arm-linux-androideabi-4.6/prebuilt/darwin-x86_64/bin/arm-linux-androideabi-g++ --sysroot=/Users/vahagnnikoghosyan/Downloads/android-ndk-r9d/platforms/android-19/arch-arm -I/Users/vahagnnikoghosyan/Downloads/android-ndk-r9d/sources/android/cpufeatures -mtune=cortex-a8 -Werror -O3 -c -o /var/folders/_w/488cnpf55ls5rn_qdnjwdtsc0000gn/T//vpx-conf-65791-983.o /var/folders/_w/488cnpf55ls5rn_qdnjwdtsc0000gn/T//vpx-conf-65791-983.cc
check_cflags -O3
check_cc -O3
BEGIN /var/folders/_w/488cnpf55ls5rn_qdnjwdtsc0000gn/T//vpx-conf-65791-983.c
    1	int x;
END /var/folders/_w/488cnpf55ls5rn_qdnjwdtsc0000gn/T//vpx-conf-65791-983.c
/Users/vahagnnikoghosyan/Downloads/android-ndk-r9d/toolchains/arm-linux-androideabi-4.6/prebuilt/darwin-x86_64/bin/arm-linux-androideabi-gcc --sysroot=/Users/vahagnnikoghosyan/Downloads/android-ndk-r9d/platforms/android-19/arch-arm -I/Users/vahagnnikoghosyan/Downloads/android-ndk-r9d/sources/android/cpufeatures -mtune=cortex-a8 -O3 -c -o /var/folders/_w/488cnpf55ls5rn_qdnjwdtsc0000gn/T//vpx-conf-65791-983.o /var/folders/_w/488cnpf55ls5rn_qdnjwdtsc0000gn/T//vpx-conf-65791-983.c
  enabling use_x86inc
check_cxxflags -fPIC
check_cxx -Werror -fPIC
BEGIN /var/folders/_w/488cnpf55ls5rn_qdnjwdtsc0000gn/T//vpx-conf-65791-983.cc
    1	int x;
END /var/folders/_w/488cnpf55ls5rn_qdnjwdtsc0000gn/T//vpx-conf-65791-983.cc
/Users/vahagnnikoghosyan/Downloads/android-ndk-r9d/toolchains/arm-linux-androideabi-4.6/prebuilt/darwin-x86_64/bin/arm-linux-androideabi-g++ --sysroot=/Users/vahagnnikoghosyan/Downloads/android-ndk-r9d/platforms/android-19/arch-arm -I/Users/vahagnnikoghosyan/Downloads/android-ndk-r9d/sources/android/cpufeatures -mtune=cortex-a8 -O3 -Werror -fPIC -c -o /var/folders/_w/488cnpf55ls5rn_qdnjwdtsc0000gn/T//vpx-conf-65791-983.o /var/folders/_w/488cnpf55ls5rn_qdnjwdtsc0000gn/T//vpx-conf-65791-983.cc
check_cflags -fPIC
check_cc -fPIC
BEGIN /var/folders/_w/488cnpf55ls5rn_qdnjwdtsc0000gn/T//vpx-conf-65791-983.c
    1	int x;
END /var/folders/_w/488cnpf55ls5rn_qdnjwdtsc0000gn/T//vpx-conf-65791-983.c
/Users/vahagnnikoghosyan/Downloads/android-ndk-r9d/toolchains/arm-linux-androideabi-4.6/prebuilt/darwin-x86_64/bin/arm-linux-androideabi-gcc --sysroot=/Users/vahagnnikoghosyan/Downloads/android-ndk-r9d/platforms/android-19/arch-arm -I/Users/vahagnnikoghosyan/Downloads/android-ndk-r9d/sources/android/cpufeatures -mtune=cortex-a8 -O3 -fPIC -c -o /var/folders/_w/488cnpf55ls5rn_qdnjwdtsc0000gn/T//vpx-conf-65791-983.o /var/folders/_w/488cnpf55ls5rn_qdnjwdtsc0000gn/T//vpx-conf-65791-983.c
check_cc
BEGIN /var/folders/_w/488cnpf55ls5rn_qdnjwdtsc0000gn/T//vpx-conf-65791-983.c
    1	    unsigned int e = 'O'<<24 | '2'<<16 | 'B'<<8 | 'E';
END /var/folders/_w/488cnpf55ls5rn_qdnjwdtsc0000gn/T//vpx-conf-65791-983.c
/Users/vahagnnikoghosyan/Downloads/android-ndk-r9d/toolchains/arm-linux-androideabi-4.6/prebuilt/darwin-x86_64/bin/arm-linux-androideabi-gcc --sysroot=/Users/vahagnnikoghosyan/Downloads/android-ndk-r9d/platforms/android-19/arch-arm -I/Users/vahagnnikoghosyan/Downloads/android-ndk-r9d/sources/android/cpufeatures -mtune=cortex-a8 -O3 -fPIC -c -o /var/folders/_w/488cnpf55ls5rn_qdnjwdtsc0000gn/T//vpx-conf-65791-983.o /var/folders/_w/488cnpf55ls5rn_qdnjwdtsc0000gn/T//vpx-conf-65791-983.c
check_cc
BEGIN /var/folders/_w/488cnpf55ls5rn_qdnjwdtsc0000gn/T//vpx-conf-65791-983.c
    1	    static inline function() {}
END /var/folders/_w/488cnpf55ls5rn_qdnjwdtsc0000gn/T//vpx-conf-65791-983.c
/Users/vahagnnikoghosyan/Downloads/android-ndk-r9d/toolchains/arm-linux-androideabi-4.6/prebuilt/darwin-x86_64/bin/arm-linux-androideabi-gcc --sysroot=/Users/vahagnnikoghosyan/Downloads/android-ndk-r9d/platforms/android-19/arch-arm -I/Users/vahagnnikoghosyan/Downloads/android-ndk-r9d/sources/android/cpufeatures -mtune=cortex-a8 -O3 -fPIC -c -o /var/folders/_w/488cnpf55ls5rn_qdnjwdtsc0000gn/T//vpx-conf-65791-983.o /var/folders/_w/488cnpf55ls5rn_qdnjwdtsc0000gn/T//vpx-conf-65791-983.c
check_cc
BEGIN /var/folders/_w/488cnpf55ls5rn_qdnjwdtsc0000gn/T//vpx-conf-65791-983.c
    1	    static __attribute__((always_inline)) function() {}
END /var/folders/_w/488cnpf55ls5rn_qdnjwdtsc0000gn/T//vpx-conf-65791-983.c
/Users/vahagnnikoghosyan/Downloads/android-ndk-r9d/toolchains/arm-linux-androideabi-4.6/prebuilt/darwin-x86_64/bin/arm-linux-androideabi-gcc --sysroot=/Users/vahagnnikoghosyan/Downloads/android-ndk-r9d/platforms/android-19/arch-arm -I/Users/vahagnnikoghosyan/Downloads/android-ndk-r9d/sources/android/cpufeatures -mtune=cortex-a8 -O3 -fPIC -c -o /var/folders/_w/488cnpf55ls5rn_qdnjwdtsc0000gn/T//vpx-conf-65791-983.o /var/folders/_w/488cnpf55ls5rn_qdnjwdtsc0000gn/T//vpx-conf-65791-983.c
check_cxxflags -Wall
check_cxx -Werror -Wall
BEGIN /var/folders/_w/488cnpf55ls5rn_qdnjwdtsc0000gn/T//vpx-conf-65791-983.cc
    1	int x;
END /var/folders/_w/488cnpf55ls5rn_qdnjwdtsc0000gn/T//vpx-conf-65791-983.cc
/Users/vahagnnikoghosyan/Downloads/android-ndk-r9d/toolchains/arm-linux-androideabi-4.6/prebuilt/darwin-x86_64/bin/arm-linux-androideabi-g++ --sysroot=/Users/vahagnnikoghosyan/Downloads/android-ndk-r9d/platforms/android-19/arch-arm -I/Users/vahagnnikoghosyan/Downloads/android-ndk-r9d/sources/android/cpufeatures -mtune=cortex-a8 -O3 -fPIC -Werror -Wall -c -o /var/folders/_w/488cnpf55ls5rn_qdnjwdtsc0000gn/T//vpx-conf-65791-983.o /var/folders/_w/488cnpf55ls5rn_qdnjwdtsc0000gn/T//vpx-conf-65791-983.cc
check_cflags -Wall
check_cc -Wall
BEGIN /var/folders/_w/488cnpf55ls5rn_qdnjwdtsc0000gn/T//vpx-conf-65791-983.c
    1	int x;
END /var/folders/_w/488cnpf55ls5rn_qdnjwdtsc0000gn/T//vpx-conf-65791-983.c
/Users/vahagnnikoghosyan/Downloads/android-ndk-r9d/toolchains/arm-linux-androideabi-4.6/prebuilt/darwin-x86_64/bin/arm-linux-androideabi-gcc --sysroot=/Users/vahagnnikoghosyan/Downloads/android-ndk-r9d/platforms/android-19/arch-arm -I/Users/vahagnnikoghosyan/Downloads/android-ndk-r9d/sources/android/cpufeatures -mtune=cortex-a8 -O3 -fPIC -Wall -c -o /var/folders/_w/488cnpf55ls5rn_qdnjwdtsc0000gn/T//vpx-conf-65791-983.o /var/folders/_w/488cnpf55ls5rn_qdnjwdtsc0000gn/T//vpx-conf-65791-983.c
check_cxxflags -Wdeclaration-after-statement
check_cxx -Werror -Wdeclaration-after-statement
BEGIN /var/folders/_w/488cnpf55ls5rn_qdnjwdtsc0000gn/T//vpx-conf-65791-983.cc
    1	int x;
END /var/folders/_w/488cnpf55ls5rn_qdnjwdtsc0000gn/T//vpx-conf-65791-983.cc
/Users/vahagnnikoghosyan/Downloads/android-ndk-r9d/toolchains/arm-linux-androideabi-4.6/prebuilt/darwin-x86_64/bin/arm-linux-androideabi-g++ --sysroot=/Users/vahagnnikoghosyan/Downloads/android-ndk-r9d/platforms/android-19/arch-arm -I/Users/vahagnnikoghosyan/Downloads/android-ndk-r9d/sources/android/cpufeatures -mtune=cortex-a8 -O3 -fPIC -Wall -Werror -Wdeclaration-after-statement -c -o /var/folders/_w/488cnpf55ls5rn_qdnjwdtsc0000gn/T//vpx-conf-65791-983.o /var/folders/_w/488cnpf55ls5rn_qdnjwdtsc0000gn/T//vpx-conf-65791-983.cc
cc1plus: error: command line option '-Wdeclaration-after-statement' is valid for C/ObjC but not for C++ [-Werror]
cc1plus: all warnings being treated as errors

check_cflags -Wdeclaration-after-statement
check_cc -Wdeclaration-after-statement
BEGIN /var/folders/_w/488cnpf55ls5rn_qdnjwdtsc0000gn/T//vpx-conf-65791-983.c
    1	int x;
END /var/folders/_w/488cnpf55ls5rn_qdnjwdtsc0000gn/T//vpx-conf-65791-983.c
/Users/vahagnnikoghosyan/Downloads/android-ndk-r9d/toolchains/arm-linux-androideabi-4.6/prebuilt/darwin-x86_64/bin/arm-linux-androideabi-gcc --sysroot=/Users/vahagnnikoghosyan/Downloads/android-ndk-r9d/platforms/android-19/arch-arm -I/Users/vahagnnikoghosyan/Downloads/android-ndk-r9d/sources/android/cpufeatures -mtune=cortex-a8 -O3 -fPIC -Wall -Wdeclaration-after-statement -c -o /var/folders/_w/488cnpf55ls5rn_qdnjwdtsc0000gn/T//vpx-conf-65791-983.o /var/folders/_w/488cnpf55ls5rn_qdnjwdtsc0000gn/T//vpx-conf-65791-983.c
check_cxxflags -Wdisabled-optimization
check_cxx -Werror -Wdisabled-optimization
BEGIN /var/folders/_w/488cnpf55ls5rn_qdnjwdtsc0000gn/T//vpx-conf-65791-983.cc
    1	int x;
END /var/folders/_w/488cnpf55ls5rn_qdnjwdtsc0000gn/T//vpx-conf-65791-983.cc
/Users/vahagnnikoghosyan/Downloads/android-ndk-r9d/toolchains/arm-linux-androideabi-4.6/prebuilt/darwin-x86_64/bin/arm-linux-androideabi-g++ --sysroot=/Users/vahagnnikoghosyan/Downloads/android-ndk-r9d/platforms/android-19/arch-arm -I/Users/vahagnnikoghosyan/Downloads/android-ndk-r9d/sources/android/cpufeatures -mtune=cortex-a8 -O3 -fPIC -Wall -Werror -Wdisabled-optimization -c -o /var/folders/_w/488cnpf55ls5rn_qdnjwdtsc0000gn/T//vpx-conf-65791-983.o /var/folders/_w/488cnpf55ls5rn_qdnjwdtsc0000gn/T//vpx-conf-65791-983.cc
check_cflags -Wdisabled-optimization
check_cc -Wdisabled-optimization
BEGIN /var/folders/_w/488cnpf55ls5rn_qdnjwdtsc0000gn/T//vpx-conf-65791-983.c
    1	int x;
END /var/folders/_w/488cnpf55ls5rn_qdnjwdtsc0000gn/T//vpx-conf-65791-983.c
/Users/vahagnnikoghosyan/Downloads/android-ndk-r9d/toolchains/arm-linux-androideabi-4.6/prebuilt/darwin-x86_64/bin/arm-linux-androideabi-gcc --sysroot=/Users/vahagnnikoghosyan/Downloads/android-ndk-r9d/platforms/android-19/arch-arm -I/Users/vahagnnikoghosyan/Downloads/android-ndk-r9d/sources/android/cpufeatures -mtune=cortex-a8 -O3 -fPIC -Wall -Wdeclaration-after-statement -Wdisabled-optimization -c -o /var/folders/_w/488cnpf55ls5rn_qdnjwdtsc0000gn/T//vpx-conf-65791-983.o /var/folders/_w/488cnpf55ls5rn_qdnjwdtsc0000gn/T//vpx-conf-65791-983.c
check_cxxflags -Wpointer-arith
check_cxx -Werror -Wpointer-arith
BEGIN /var/folders/_w/488cnpf55ls5rn_qdnjwdtsc0000gn/T//vpx-conf-65791-983.cc
    1	int x;
END /var/folders/_w/488cnpf55ls5rn_qdnjwdtsc0000gn/T//vpx-conf-65791-983.cc
/Users/vahagnnikoghosyan/Downloads/android-ndk-r9d/toolchains/arm-linux-androideabi-4.6/prebuilt/darwin-x86_64/bin/arm-linux-androideabi-g++ --sysroot=/Users/vahagnnikoghosyan/Downloads/android-ndk-r9d/platforms/android-19/arch-arm -I/Users/vahagnnikoghosyan/Downloads/android-ndk-r9d/sources/android/cpufeatures -mtune=cortex-a8 -O3 -fPIC -Wall -Wdisabled-optimization -Werror -Wpointer-arith -c -o /var/folders/_w/488cnpf55ls5rn_qdnjwdtsc0000gn/T//vpx-conf-65791-983.o /var/folders/_w/488cnpf55ls5rn_qdnjwdtsc0000gn/T//vpx-conf-65791-983.cc
check_cflags -Wpointer-arith
check_cc -Wpointer-arith
BEGIN /var/folders/_w/488cnpf55ls5rn_qdnjwdtsc0000gn/T//vpx-conf-65791-983.c
    1	int x;
END /var/folders/_w/488cnpf55ls5rn_qdnjwdtsc0000gn/T//vpx-conf-65791-983.c
/Users/vahagnnikoghosyan/Downloads/android-ndk-r9d/toolchains/arm-linux-androideabi-4.6/prebuilt/darwin-x86_64/bin/arm-linux-androideabi-gcc --sysroot=/Users/vahagnnikoghosyan/Downloads/android-ndk-r9d/platforms/android-19/arch-arm -I/Users/vahagnnikoghosyan/Downloads/android-ndk-r9d/sources/android/cpufeatures -mtune=cortex-a8 -O3 -fPIC -Wall -Wdeclaration-after-statement -Wdisabled-optimization -Wpointer-arith -c -o /var/folders/_w/488cnpf55ls5rn_qdnjwdtsc0000gn/T//vpx-conf-65791-983.o /var/folders/_w/488cnpf55ls5rn_qdnjwdtsc0000gn/T//vpx-conf-65791-983.c
check_cxxflags -Wtype-limits
check_cxx -Werror -Wtype-limits
BEGIN /var/folders/_w/488cnpf55ls5rn_qdnjwdtsc0000gn/T//vpx-conf-65791-983.cc
    1	int x;
END /var/folders/_w/488cnpf55ls5rn_qdnjwdtsc0000gn/T//vpx-conf-65791-983.cc
/Users/vahagnnikoghosyan/Downloads/android-ndk-r9d/toolchains/arm-linux-androideabi-4.6/prebuilt/darwin-x86_64/bin/arm-linux-androideabi-g++ --sysroot=/Users/vahagnnikoghosyan/Downloads/android-ndk-r9d/platforms/android-19/arch-arm -I/Users/vahagnnikoghosyan/Downloads/android-ndk-r9d/sources/android/cpufeatures -mtune=cortex-a8 -O3 -fPIC -Wall -Wdisabled-optimization -Wpointer-arith -Werror -Wtype-limits -c -o /var/folders/_w/488cnpf55ls5rn_qdnjwdtsc0000gn/T//vpx-conf-65791-983.o /var/folders/_w/488cnpf55ls5rn_qdnjwdtsc0000gn/T//vpx-conf-65791-983.cc
check_cflags -Wtype-limits
check_cc -Wtype-limits
BEGIN /var/folders/_w/488cnpf55ls5rn_qdnjwdtsc0000gn/T//vpx-conf-65791-983.c
    1	int x;
END /var/folders/_w/488cnpf55ls5rn_qdnjwdtsc0000gn/T//vpx-conf-65791-983.c
/Users/vahagnnikoghosyan/Downloads/android-ndk-r9d/toolchains/arm-linux-androideabi-4.6/prebuilt/darwin-x86_64/bin/arm-linux-androideabi-gcc --sysroot=/Users/vahagnnikoghosyan/Downloads/android-ndk-r9d/platforms/android-19/arch-arm -I/Users/vahagnnikoghosyan/Downloads/android-ndk-r9d/sources/android/cpufeatures -mtune=cortex-a8 -O3 -fPIC -Wall -Wdeclaration-after-statement -Wdisabled-optimization -Wpointer-arith -Wtype-limits -c -o /var/folders/_w/488cnpf55ls5rn_qdnjwdtsc0000gn/T//vpx-conf-65791-983.o /var/folders/_w/488cnpf55ls5rn_qdnjwdtsc0000gn/T//vpx-conf-65791-983.c
check_cxxflags -Wcast-qual
check_cxx -Werror -Wcast-qual
BEGIN /var/folders/_w/488cnpf55ls5rn_qdnjwdtsc0000gn/T//vpx-conf-65791-983.cc
    1	int x;
END /var/folders/_w/488cnpf55ls5rn_qdnjwdtsc0000gn/T//vpx-conf-65791-983.cc
/Users/vahagnnikoghosyan/Downloads/android-ndk-r9d/toolchains/arm-linux-androideabi-4.6/prebuilt/darwin-x86_64/bin/arm-linux-androideabi-g++ --sysroot=/Users/vahagnnikoghosyan/Downloads/android-ndk-r9d/platforms/android-19/arch-arm -I/Users/vahagnnikoghosyan/Downloads/android-ndk-r9d/sources/android/cpufeatures -mtune=cortex-a8 -O3 -fPIC -Wall -Wdisabled-optimization -Wpointer-arith -Wtype-limits -Werror -Wcast-qual -c -o /var/folders/_w/488cnpf55ls5rn_qdnjwdtsc0000gn/T//vpx-conf-65791-983.o /var/folders/_w/488cnpf55ls5rn_qdnjwdtsc0000gn/T//vpx-conf-65791-983.cc
check_cflags -Wcast-qual
check_cc -Wcast-qual
BEGIN /var/folders/_w/488cnpf55ls5rn_qdnjwdtsc0000gn/T//vpx-conf-65791-983.c
    1	int x;
END /var/folders/_w/488cnpf55ls5rn_qdnjwdtsc0000gn/T//vpx-conf-65791-983.c
/Users/vahagnnikoghosyan/Downloads/android-ndk-r9d/toolchains/arm-linux-androideabi-4.6/prebuilt/darwin-x86_64/bin/arm-linux-androideabi-gcc --sysroot=/Users/vahagnnikoghosyan/Downloads/android-ndk-r9d/platforms/android-19/arch-arm -I/Users/vahagnnikoghosyan/Downloads/android-ndk-r9d/sources/android/cpufeatures -mtune=cortex-a8 -O3 -fPIC -Wall -Wdeclaration-after-statement -Wdisabled-optimization -Wpointer-arith -Wtype-limits -Wcast-qual -c -o /var/folders/_w/488cnpf55ls5rn_qdnjwdtsc0000gn/T//vpx-conf-65791-983.o /var/folders/_w/488cnpf55ls5rn_qdnjwdtsc0000gn/T//vpx-conf-65791-983.c
check_cxxflags -Wvla
check_cxx -Werror -Wvla
BEGIN /var/folders/_w/488cnpf55ls5rn_qdnjwdtsc0000gn/T//vpx-conf-65791-983.cc
    1	int x;
END /var/folders/_w/488cnpf55ls5rn_qdnjwdtsc0000gn/T//vpx-conf-65791-983.cc
/Users/vahagnnikoghosyan/Downloads/android-ndk-r9d/toolchains/arm-linux-androideabi-4.6/prebuilt/darwin-x86_64/bin/arm-linux-androideabi-g++ --sysroot=/Users/vahagnnikoghosyan/Downloads/android-ndk-r9d/platforms/android-19/arch-arm -I/Users/vahagnnikoghosyan/Downloads/android-ndk-r9d/sources/android/cpufeatures -mtune=cortex-a8 -O3 -fPIC -Wall -Wdisabled-optimization -Wpointer-arith -Wtype-limits -Wcast-qual -Werror -Wvla -c -o /var/folders/_w/488cnpf55ls5rn_qdnjwdtsc0000gn/T//vpx-conf-65791-983.o /var/folders/_w/488cnpf55ls5rn_qdnjwdtsc0000gn/T//vpx-conf-65791-983.cc
check_cflags -Wvla
check_cc -Wvla
BEGIN /var/folders/_w/488cnpf55ls5rn_qdnjwdtsc0000gn/T//vpx-conf-65791-983.c
    1	int x;
END /var/folders/_w/488cnpf55ls5rn_qdnjwdtsc0000gn/T//vpx-conf-65791-983.c
/Users/vahagnnikoghosyan/Downloads/android-ndk-r9d/toolchains/arm-linux-androideabi-4.6/prebuilt/darwin-x86_64/bin/arm-linux-androideabi-gcc --sysroot=/Users/vahagnnikoghosyan/Downloads/android-ndk-r9d/platforms/android-19/arch-arm -I/Users/vahagnnikoghosyan/Downloads/android-ndk-r9d/sources/android/cpufeatures -mtune=cortex-a8 -O3 -fPIC -Wall -Wdeclaration-after-statement -Wdisabled-optimization -Wpointer-arith -Wtype-limits -Wcast-qual -Wvla -c -o /var/folders/_w/488cnpf55ls5rn_qdnjwdtsc0000gn/T//vpx-conf-65791-983.o /var/folders/_w/488cnpf55ls5rn_qdnjwdtsc0000gn/T//vpx-conf-65791-983.c
check_cxxflags -Wimplicit-function-declaration
check_cxx -Werror -Wimplicit-function-declaration
BEGIN /var/folders/_w/488cnpf55ls5rn_qdnjwdtsc0000gn/T//vpx-conf-65791-983.cc
    1	int x;
END /var/folders/_w/488cnpf55ls5rn_qdnjwdtsc0000gn/T//vpx-conf-65791-983.cc
/Users/vahagnnikoghosyan/Downloads/android-ndk-r9d/toolchains/arm-linux-androideabi-4.6/prebuilt/darwin-x86_64/bin/arm-linux-androideabi-g++ --sysroot=/Users/vahagnnikoghosyan/Downloads/android-ndk-r9d/platforms/android-19/arch-arm -I/Users/vahagnnikoghosyan/Downloads/android-ndk-r9d/sources/android/cpufeatures -mtune=cortex-a8 -O3 -fPIC -Wall -Wdisabled-optimization -Wpointer-arith -Wtype-limits -Wcast-qual -Wvla -Werror -Wimplicit-function-declaration -c -o /var/folders/_w/488cnpf55ls5rn_qdnjwdtsc0000gn/T//vpx-conf-65791-983.o /var/folders/_w/488cnpf55ls5rn_qdnjwdtsc0000gn/T//vpx-conf-65791-983.cc
cc1plus: error: command line option '-Wimplicit-function-declaration' is valid for C/ObjC but not for C++ [-Werror]
cc1plus: all warnings being treated as errors

check_cflags -Wimplicit-function-declaration
check_cc -Wimplicit-function-declaration
BEGIN /var/folders/_w/488cnpf55ls5rn_qdnjwdtsc0000gn/T//vpx-conf-65791-983.c
    1	int x;
END /var/folders/_w/488cnpf55ls5rn_qdnjwdtsc0000gn/T//vpx-conf-65791-983.c
/Users/vahagnnikoghosyan/Downloads/android-ndk-r9d/toolchains/arm-linux-androideabi-4.6/prebuilt/darwin-x86_64/bin/arm-linux-androideabi-gcc --sysroot=/Users/vahagnnikoghosyan/Downloads/android-ndk-r9d/platforms/android-19/arch-arm -I/Users/vahagnnikoghosyan/Downloads/android-ndk-r9d/sources/android/cpufeatures -mtune=cortex-a8 -O3 -fPIC -Wall -Wdeclaration-after-statement -Wdisabled-optimization -Wpointer-arith -Wtype-limits -Wcast-qual -Wvla -Wimplicit-function-declaration -c -o /var/folders/_w/488cnpf55ls5rn_qdnjwdtsc0000gn/T//vpx-conf-65791-983.o /var/folders/_w/488cnpf55ls5rn_qdnjwdtsc0000gn/T//vpx-conf-65791-983.c
check_cxxflags -Wuninitialized
check_cxx -Werror -Wuninitialized
BEGIN /var/folders/_w/488cnpf55ls5rn_qdnjwdtsc0000gn/T//vpx-conf-65791-983.cc
    1	int x;
END /var/folders/_w/488cnpf55ls5rn_qdnjwdtsc0000gn/T//vpx-conf-65791-983.cc
/Users/vahagnnikoghosyan/Downloads/android-ndk-r9d/toolchains/arm-linux-androideabi-4.6/prebuilt/darwin-x86_64/bin/arm-linux-androideabi-g++ --sysroot=/Users/vahagnnikoghosyan/Downloads/android-ndk-r9d/platforms/android-19/arch-arm -I/Users/vahagnnikoghosyan/Downloads/android-ndk-r9d/sources/android/cpufeatures -mtune=cortex-a8 -O3 -fPIC -Wall -Wdisabled-optimization -Wpointer-arith -Wtype-limits -Wcast-qual -Wvla -Werror -Wuninitialized -c -o /var/folders/_w/488cnpf55ls5rn_qdnjwdtsc0000gn/T//vpx-conf-65791-983.o /var/folders/_w/488cnpf55ls5rn_qdnjwdtsc0000gn/T//vpx-conf-65791-983.cc
check_cflags -Wuninitialized
check_cc -Wuninitialized
BEGIN /var/folders/_w/488cnpf55ls5rn_qdnjwdtsc0000gn/T//vpx-conf-65791-983.c
    1	int x;
END /var/folders/_w/488cnpf55ls5rn_qdnjwdtsc0000gn/T//vpx-conf-65791-983.c
/Users/vahagnnikoghosyan/Downloads/android-ndk-r9d/toolchains/arm-linux-androideabi-4.6/prebuilt/darwin-x86_64/bin/arm-linux-androideabi-gcc --sysroot=/Users/vahagnnikoghosyan/Downloads/android-ndk-r9d/platforms/android-19/arch-arm -I/Users/vahagnnikoghosyan/Downloads/android-ndk-r9d/sources/android/cpufeatures -mtune=cortex-a8 -O3 -fPIC -Wall -Wdeclaration-after-statement -Wdisabled-optimization -Wpointer-arith -Wtype-limits -Wcast-qual -Wvla -Wimplicit-function-declaration -Wuninitialized -c -o /var/folders/_w/488cnpf55ls5rn_qdnjwdtsc0000gn/T//vpx-conf-65791-983.o /var/folders/_w/488cnpf55ls5rn_qdnjwdtsc0000gn/T//vpx-conf-65791-983.c
check_cxxflags -Wunused-variable
check_cxx -Werror -Wunused-variable
BEGIN /var/folders/_w/488cnpf55ls5rn_qdnjwdtsc0000gn/T//vpx-conf-65791-983.cc
    1	int x;
END /var/folders/_w/488cnpf55ls5rn_qdnjwdtsc0000gn/T//vpx-conf-65791-983.cc
/Users/vahagnnikoghosyan/Downloads/android-ndk-r9d/toolchains/arm-linux-androideabi-4.6/prebuilt/darwin-x86_64/bin/arm-linux-androideabi-g++ --sysroot=/Users/vahagnnikoghosyan/Downloads/android-ndk-r9d/platforms/android-19/arch-arm -I/Users/vahagnnikoghosyan/Downloads/android-ndk-r9d/sources/android/cpufeatures -mtune=cortex-a8 -O3 -fPIC -Wall -Wdisabled-optimization -Wpointer-arith -Wtype-limits -Wcast-qual -Wvla -Wuninitialized -Werror -Wunused-variable -c -o /var/folders/_w/488cnpf55ls5rn_qdnjwdtsc0000gn/T//vpx-conf-65791-983.o /var/folders/_w/488cnpf55ls5rn_qdnjwdtsc0000gn/T//vpx-conf-65791-983.cc
check_cflags -Wunused-variable
check_cc -Wunused-variable
BEGIN /var/folders/_w/488cnpf55ls5rn_qdnjwdtsc0000gn/T//vpx-conf-65791-983.c
    1	int x;
END /var/folders/_w/488cnpf55ls5rn_qdnjwdtsc0000gn/T//vpx-conf-65791-983.c
/Users/vahagnnikoghosyan/Downloads/android-ndk-r9d/toolchains/arm-linux-androideabi-4.6/prebuilt/darwin-x86_64/bin/arm-linux-androideabi-gcc --sysroot=/Users/vahagnnikoghosyan/Downloads/android-ndk-r9d/platforms/android-19/arch-arm -I/Users/vahagnnikoghosyan/Downloads/android-ndk-r9d/sources/android/cpufeatures -mtune=cortex-a8 -O3 -fPIC -Wall -Wdeclaration-after-statement -Wdisabled-optimization -Wpointer-arith -Wtype-limits -Wcast-qual -Wvla -Wimplicit-function-declaration -Wuninitialized -Wunused-variable -c -o /var/folders/_w/488cnpf55ls5rn_qdnjwdtsc0000gn/T//vpx-conf-65791-983.o /var/folders/_w/488cnpf55ls5rn_qdnjwdtsc0000gn/T//vpx-conf-65791-983.c
check_cxxflags -Wunused-but-set-variable
check_cxx -Werror -Wunused-but-set-variable
BEGIN /var/folders/_w/488cnpf55ls5rn_qdnjwdtsc0000gn/T//vpx-conf-65791-983.cc
    1	int x;
END /var/folders/_w/488cnpf55ls5rn_qdnjwdtsc0000gn/T//vpx-conf-65791-983.cc
/Users/vahagnnikoghosyan/Downloads/android-ndk-r9d/toolchains/arm-linux-androideabi-4.6/prebuilt/darwin-x86_64/bin/arm-linux-androideabi-g++ --sysroot=/Users/vahagnnikoghosyan/Downloads/android-ndk-r9d/platforms/android-19/arch-arm -I/Users/vahagnnikoghosyan/Downloads/android-ndk-r9d/sources/android/cpufeatures -mtune=cortex-a8 -O3 -fPIC -Wall -Wdisabled-optimization -Wpointer-arith -Wtype-limits -Wcast-qual -Wvla -Wuninitialized -Wunused-variable -Werror -Wunused-but-set-variable -c -o /var/folders/_w/488cnpf55ls5rn_qdnjwdtsc0000gn/T//vpx-conf-65791-983.o /var/folders/_w/488cnpf55ls5rn_qdnjwdtsc0000gn/T//vpx-conf-65791-983.cc
check_cflags -Wunused-but-set-variable
check_cc -Wunused-but-set-variable
BEGIN /var/folders/_w/488cnpf55ls5rn_qdnjwdtsc0000gn/T//vpx-conf-65791-983.c
    1	int x;
END /var/folders/_w/488cnpf55ls5rn_qdnjwdtsc0000gn/T//vpx-conf-65791-983.c
/Users/vahagnnikoghosyan/Downloads/android-ndk-r9d/toolchains/arm-linux-androideabi-4.6/prebuilt/darwin-x86_64/bin/arm-linux-androideabi-gcc --sysroot=/Users/vahagnnikoghosyan/Downloads/android-ndk-r9d/platforms/android-19/arch-arm -I/Users/vahagnnikoghosyan/Downloads/android-ndk-r9d/sources/android/cpufeatures -mtune=cortex-a8 -O3 -fPIC -Wall -Wdeclaration-after-statement -Wdisabled-optimization -Wpointer-arith -Wtype-limits -Wcast-qual -Wvla -Wimplicit-function-declaration -Wuninitialized -Wunused-variable -Wunused-but-set-variable -c -o /var/folders/_w/488cnpf55ls5rn_qdnjwdtsc0000gn/T//vpx-conf-65791-983.o /var/folders/_w/488cnpf55ls5rn_qdnjwdtsc0000gn/T//vpx-conf-65791-983.c
check_cxxflags -Wno-unused-function
check_cxx -Werror -Wno-unused-function
BEGIN /var/folders/_w/488cnpf55ls5rn_qdnjwdtsc0000gn/T//vpx-conf-65791-983.cc
    1	int x;
END /var/folders/_w/488cnpf55ls5rn_qdnjwdtsc0000gn/T//vpx-conf-65791-983.cc
/Users/vahagnnikoghosyan/Downloads/android-ndk-r9d/toolchains/arm-linux-androideabi-4.6/prebuilt/darwin-x86_64/bin/arm-linux-androideabi-g++ --sysroot=/Users/vahagnnikoghosyan/Downloads/android-ndk-r9d/platforms/android-19/arch-arm -I/Users/vahagnnikoghosyan/Downloads/android-ndk-r9d/sources/android/cpufeatures -mtune=cortex-a8 -O3 -fPIC -Wall -Wdisabled-optimization -Wpointer-arith -Wtype-limits -Wcast-qual -Wvla -Wuninitialized -Wunused-variable -Wunused-but-set-variable -Werror -Wno-unused-function -c -o /var/folders/_w/488cnpf55ls5rn_qdnjwdtsc0000gn/T//vpx-conf-65791-983.o /var/folders/_w/488cnpf55ls5rn_qdnjwdtsc0000gn/T//vpx-conf-65791-983.cc
check_cflags -Wno-unused-function
check_cc -Wno-unused-function
BEGIN /var/folders/_w/488cnpf55ls5rn_qdnjwdtsc0000gn/T//vpx-conf-65791-983.c
    1	int x;
END /var/folders/_w/488cnpf55ls5rn_qdnjwdtsc0000gn/T//vpx-conf-65791-983.c
/Users/vahagnnikoghosyan/Downloads/android-ndk-r9d/toolchains/arm-linux-androideabi-4.6/prebuilt/darwin-x86_64/bin/arm-linux-androideabi-gcc --sysroot=/Users/vahagnnikoghosyan/Downloads/android-ndk-r9d/platforms/android-19/arch-arm -I/Users/vahagnnikoghosyan/Downloads/android-ndk-r9d/sources/android/cpufeatures -mtune=cortex-a8 -O3 -fPIC -Wall -Wdeclaration-after-statement -Wdisabled-optimization -Wpointer-arith -Wtype-limits -Wcast-qual -Wvla -Wimplicit-function-declaration -Wuninitialized -Wunused-variable -Wunused-but-set-variable -Wno-unused-function -c -o /var/folders/_w/488cnpf55ls5rn_qdnjwdtsc0000gn/T//vpx-conf-65791-983.o /var/folders/_w/488cnpf55ls5rn_qdnjwdtsc0000gn/T//vpx-conf-65791-983.c
check_header stdio.h
check_cpp
BEGIN /var/folders/_w/488cnpf55ls5rn_qdnjwdtsc0000gn/T//vpx-conf-65791-983.c
    1	#include "stdio.h"
    2	int x;
END /var/folders/_w/488cnpf55ls5rn_qdnjwdtsc0000gn/T//vpx-conf-65791-983.c
/Users/vahagnnikoghosyan/Downloads/android-ndk-r9d/toolchains/arm-linux-androideabi-4.6/prebuilt/darwin-x86_64/bin/arm-linux-androideabi-gcc --sysroot=/Users/vahagnnikoghosyan/Downloads/android-ndk-r9d/platforms/android-19/arch-arm -I/Users/vahagnnikoghosyan/Downloads/android-ndk-r9d/sources/android/cpufeatures -mtune=cortex-a8 -O3 -fPIC -Wall -Wdeclaration-after-statement -Wdisabled-optimization -Wpointer-arith -Wtype-limits -Wcast-qual -Wvla -Wimplicit-function-declaration -Wuninitialized -Wunused-variable -Wunused-but-set-variable -Wno-unused-function -E -o /var/folders/_w/488cnpf55ls5rn_qdnjwdtsc0000gn/T//vpx-conf-65791-983.o /var/folders/_w/488cnpf55ls5rn_qdnjwdtsc0000gn/T//vpx-conf-65791-983.c
check_ld
check_cc
BEGIN /var/folders/_w/488cnpf55ls5rn_qdnjwdtsc0000gn/T//vpx-conf-65791-983.c
    1	int main(void) {return 0;}
END /var/folders/_w/488cnpf55ls5rn_qdnjwdtsc0000gn/T//vpx-conf-65791-983.c
/Users/vahagnnikoghosyan/Downloads/android-ndk-r9d/toolchains/arm-linux-androideabi-4.6/prebuilt/darwin-x86_64/bin/arm-linux-androideabi-gcc --sysroot=/Users/vahagnnikoghosyan/Downloads/android-ndk-r9d/platforms/android-19/arch-arm -I/Users/vahagnnikoghosyan/Downloads/android-ndk-r9d/sources/android/cpufeatures -mtune=cortex-a8 -O3 -fPIC -Wall -Wdeclaration-after-statement -Wdisabled-optimization -Wpointer-arith -Wtype-limits -Wcast-qual -Wvla -Wimplicit-function-declaration -Wuninitialized -Wunused-variable -Wunused-but-set-variable -Wno-unused-function -c -o /var/folders/_w/488cnpf55ls5rn_qdnjwdtsc0000gn/T//vpx-conf-65791-983.o /var/folders/_w/488cnpf55ls5rn_qdnjwdtsc0000gn/T//vpx-conf-65791-983.c
/Users/vahagnnikoghosyan/Downloads/android-ndk-r9d/toolchains/arm-linux-androideabi-4.6/prebuilt/darwin-x86_64/bin/arm-linux-androideabi-gcc --sysroot=/Users/vahagnnikoghosyan/Downloads/android-ndk-r9d/platforms/android-19/arch-arm -Wl,--fix-cortex-a8 -o /var/folders/_w/488cnpf55ls5rn_qdnjwdtsc0000gn/T//vpx-conf-65791-983.x /var/folders/_w/488cnpf55ls5rn_qdnjwdtsc0000gn/T//vpx-conf-65791-983.o
check_header stdint.h
check_cpp
BEGIN /var/folders/_w/488cnpf55ls5rn_qdnjwdtsc0000gn/T//vpx-conf-65791-983.c
    1	#include "stdint.h"
    2	int x;
END /var/folders/_w/488cnpf55ls5rn_qdnjwdtsc0000gn/T//vpx-conf-65791-983.c
/Users/vahagnnikoghosyan/Downloads/android-ndk-r9d/toolchains/arm-linux-androideabi-4.6/prebuilt/darwin-x86_64/bin/arm-linux-androideabi-gcc --sysroot=/Users/vahagnnikoghosyan/Downloads/android-ndk-r9d/platforms/android-19/arch-arm -I/Users/vahagnnikoghosyan/Downloads/android-ndk-r9d/sources/android/cpufeatures -mtune=cortex-a8 -O3 -fPIC -Wall -Wdeclaration-after-statement -Wdisabled-optimization -Wpointer-arith -Wtype-limits -Wcast-qual -Wvla -Wimplicit-function-declaration -Wuninitialized -Wunused-variable -Wunused-but-set-variable -Wno-unused-function -E -o /var/folders/_w/488cnpf55ls5rn_qdnjwdtsc0000gn/T//vpx-conf-65791-983.o /var/folders/_w/488cnpf55ls5rn_qdnjwdtsc0000gn/T//vpx-conf-65791-983.c
check_header pthread.h
check_cpp
BEGIN /var/folders/_w/488cnpf55ls5rn_qdnjwdtsc0000gn/T//vpx-conf-65791-983.c
    1	#include "pthread.h"
    2	int x;
END /var/folders/_w/488cnpf55ls5rn_qdnjwdtsc0000gn/T//vpx-conf-65791-983.c
/Users/vahagnnikoghosyan/Downloads/android-ndk-r9d/toolchains/arm-linux-androideabi-4.6/prebuilt/darwin-x86_64/bin/arm-linux-androideabi-gcc --sysroot=/Users/vahagnnikoghosyan/Downloads/android-ndk-r9d/platforms/android-19/arch-arm -I/Users/vahagnnikoghosyan/Downloads/android-ndk-r9d/sources/android/cpufeatures -mtune=cortex-a8 -O3 -fPIC -Wall -Wdeclaration-after-statement -Wdisabled-optimization -Wpointer-arith -Wtype-limits -Wcast-qual -Wvla -Wimplicit-function-declaration -Wuninitialized -Wunused-variable -Wunused-but-set-variable -Wno-unused-function -E -o /var/folders/_w/488cnpf55ls5rn_qdnjwdtsc0000gn/T//vpx-conf-65791-983.o /var/folders/_w/488cnpf55ls5rn_qdnjwdtsc0000gn/T//vpx-conf-65791-983.c
check_header sys/mman.h
check_cpp
BEGIN /var/folders/_w/488cnpf55ls5rn_qdnjwdtsc0000gn/T//vpx-conf-65791-983.c
    1	#include "sys/mman.h"
    2	int x;
END /var/folders/_w/488cnpf55ls5rn_qdnjwdtsc0000gn/T//vpx-conf-65791-983.c
/Users/vahagnnikoghosyan/Downloads/android-ndk-r9d/toolchains/arm-linux-androideabi-4.6/prebuilt/darwin-x86_64/bin/arm-linux-androideabi-gcc --sysroot=/Users/vahagnnikoghosyan/Downloads/android-ndk-r9d/platforms/android-19/arch-arm -I/Users/vahagnnikoghosyan/Downloads/android-ndk-r9d/sources/android/cpufeatures -mtune=cortex-a8 -O3 -fPIC -Wall -Wdeclaration-after-statement -Wdisabled-optimization -Wpointer-arith -Wtype-limits -Wcast-qual -Wvla -Wimplicit-function-declaration -Wuninitialized -Wunused-variable -Wunused-but-set-variable -Wno-unused-function -E -o /var/folders/_w/488cnpf55ls5rn_qdnjwdtsc0000gn/T//vpx-conf-65791-983.o /var/folders/_w/488cnpf55ls5rn_qdnjwdtsc0000gn/T//vpx-conf-65791-983.c
check_header unistd.h
check_cpp
BEGIN /var/folders/_w/488cnpf55ls5rn_qdnjwdtsc0000gn/T//vpx-conf-65791-983.c
    1	#include "unistd.h"
    2	int x;
END /var/folders/_w/488cnpf55ls5rn_qdnjwdtsc0000gn/T//vpx-conf-65791-983.c
/Users/vahagnnikoghosyan/Downloads/android-ndk-r9d/toolchains/arm-linux-androideabi-4.6/prebuilt/darwin-x86_64/bin/arm-linux-androideabi-gcc --sysroot=/Users/vahagnnikoghosyan/Downloads/android-ndk-r9d/platforms/android-19/arch-arm -I/Users/vahagnnikoghosyan/Downloads/android-ndk-r9d/sources/android/cpufeatures -mtune=cortex-a8 -O3 -fPIC -Wall -Wdeclaration-after-statement -Wdisabled-optimization -Wpointer-arith -Wtype-limits -Wcast-qual -Wvla -Wimplicit-function-declaration -Wuninitialized -Wunused-variable -Wunused-but-set-variable -Wno-unused-function -E -o /var/folders/_w/488cnpf55ls5rn_qdnjwdtsc0000gn/T//vpx-conf-65791-983.o /var/folders/_w/488cnpf55ls5rn_qdnjwdtsc0000gn/T//vpx-conf-65791-983.c
check_header vpx/vpx_integer.h -I./libvpx
check_cpp -I./libvpx
BEGIN /var/folders/_w/488cnpf55ls5rn_qdnjwdtsc0000gn/T//vpx-conf-65791-983.c
    1	#include "vpx/vpx_integer.h"
    2	int x;
END /var/folders/_w/488cnpf55ls5rn_qdnjwdtsc0000gn/T//vpx-conf-65791-983.c
/Users/vahagnnikoghosyan/Downloads/android-ndk-r9d/toolchains/arm-linux-androideabi-4.6/prebuilt/darwin-x86_64/bin/arm-linux-androideabi-gcc --sysroot=/Users/vahagnnikoghosyan/Downloads/android-ndk-r9d/platforms/android-19/arch-arm -I/Users/vahagnnikoghosyan/Downloads/android-ndk-r9d/sources/android/cpufeatures -mtune=cortex-a8 -O3 -fPIC -Wall -Wdeclaration-after-statement -Wdisabled-optimization -Wpointer-arith -Wtype-limits -Wcast-qual -Wvla -Wimplicit-function-declaration -Wuninitialized -Wunused-variable -Wunused-but-set-variable -Wno-unused-function -I./libvpx -E -o /var/folders/_w/488cnpf55ls5rn_qdnjwdtsc0000gn/T//vpx-conf-65791-983.o /var/folders/_w/488cnpf55ls5rn_qdnjwdtsc0000gn/T//vpx-conf-65791-983.c
